Sender: LSF System <srv-lsf@bmi-460g9-02>
Subject: Job 150097: <#BSUB -L /bin/bash;#BSUB -W 24:00;#BSUB -n 12;#BSUB -R "span[ptile=4]";#BSUB -M 80000;#BSUB -e /data/salomonis2/LabFiles/Kyle/Development/pyInfinityFlow/test_scripts/grimes_lab_infinity_flow/pe_2022_01_19/logs/%J.err;#BSUB -o /data/salomonis2/LabFiles/Kyle/Development/pyInfinityFlow/test_scripts/grimes_lab_infinity_flow/pe_2022_01_19/logs/%J.out; cd /data/salomonis2/LabFiles/Kyle/Development/pyInfinityFlow/test_scripts/grimes_lab_infinity_flow/pe_2022_01_19; # module load anaconda3;# conda activate /data/salomonis2/LabFiles/Kyle/Env/pyInfinityFlow_dev;  pyInfinityFlow --data_dir /data/salomonis2/LabFiles/Kyle/Analysis/2022_07_01_Infinity_Flow_Update/input/gated_live_fcs_input/2022_01_19_PE/ --out_dir /data/salomonis2/LabFiles/Kyle/Analysis/2022_10_26_pyInfinityFlow_grimes_data/outputs/pyInfinityFlow_outputs/pe_2022_01_19/ --backbone_annotation /data/salomonis2/LabFiles/Kyle/Analysis/2022_07_01_Infinity_Flow_Update/input/pyInfinityFlow_annotations/2021_12_13_PE_backbone_anno.csv --infinity_marker_annotation /data/salomonis2/LabFiles/Kyle/Analysis/2022_07_01_Infinity_Flow_Update/input/pyInfinityFlow_annotations/2022_01_19_PE_infinity_marker_anno.csv --random_state 7 --use_logicle_scaling True --normalization_method None --n_events_train 0 --n_events_validate 0 --ratio_for_validation 0.2 --separate_backbone_reference /data/salomonis2/LabFiles/Kyle/Analysis/2022_07_01_Infinity_Flow_Update/input/gated_live_fcs_input/2022_06_28_PE/export_KF_Infinity_Flow_Add_PEs-Infinity_Markers_PE-CD131_Unmixed_Live.fcs --add_umap False --find_clusters False --find_markers False --make_feature_plots False --use_pca True --n_pc 15 --n_pc_plot_qc 50 --save_h5ad True --save_feather True --save_file_handler True --save_regression_models True --verbosity 3 --n_cores 12> in cluster <BMICluster> Done

Job <#BSUB -L /bin/bash;#BSUB -W 24:00;#BSUB -n 12;#BSUB -R "span[ptile=4]";#BSUB -M 80000;#BSUB -e /data/salomonis2/LabFiles/Kyle/Development/pyInfinityFlow/test_scripts/grimes_lab_infinity_flow/pe_2022_01_19/logs/%J.err;#BSUB -o /data/salomonis2/LabFiles/Kyle/Development/pyInfinityFlow/test_scripts/grimes_lab_infinity_flow/pe_2022_01_19/logs/%J.out; cd /data/salomonis2/LabFiles/Kyle/Development/pyInfinityFlow/test_scripts/grimes_lab_infinity_flow/pe_2022_01_19; # module load anaconda3;# conda activate /data/salomonis2/LabFiles/Kyle/Env/pyInfinityFlow_dev;  pyInfinityFlow --data_dir /data/salomonis2/LabFiles/Kyle/Analysis/2022_07_01_Infinity_Flow_Update/input/gated_live_fcs_input/2022_01_19_PE/ --out_dir /data/salomonis2/LabFiles/Kyle/Analysis/2022_10_26_pyInfinityFlow_grimes_data/outputs/pyInfinityFlow_outputs/pe_2022_01_19/ --backbone_annotation /data/salomonis2/LabFiles/Kyle/Analysis/2022_07_01_Infinity_Flow_Update/input/pyInfinityFlow_annotations/2021_12_13_PE_backbone_anno.csv --infinity_marker_annotation /data/salomonis2/LabFiles/Kyle/Analysis/2022_07_01_Infinity_Flow_Update/input/pyInfinityFlow_annotations/2022_01_19_PE_infinity_marker_anno.csv --random_state 7 --use_logicle_scaling True --normalization_method None --n_events_train 0 --n_events_validate 0 --ratio_for_validation 0.2 --separate_backbone_reference /data/salomonis2/LabFiles/Kyle/Analysis/2022_07_01_Infinity_Flow_Update/input/gated_live_fcs_input/2022_06_28_PE/export_KF_Infinity_Flow_Add_PEs-Infinity_Markers_PE-CD131_Unmixed_Live.fcs --add_umap False --find_clusters False --find_markers False --make_feature_plots False --use_pca True --n_pc 15 --n_pc_plot_qc 50 --save_h5ad True --save_feather True --save_file_handler True --save_regression_models True --verbosity 3 --n_cores 12> was submitted from host <bmi-460g9-23> by user <fero3l> in cluster <BMICluster> at Thu Oct 27 00:11:43 2022
Job was executed on host(s) <4*bmi-460g9-02>, in queue <normal>, as user <fero3l> in cluster <BMICluster> at Thu Oct 27 00:11:44 2022
                            <4*bmi-460g9-21>
                            <4*bmi-460g8-53>
</tmp/.lsbtmp41736> was used as the home directory.
</data/salomonis2/LabFiles/Kyle/Development/pyInfinityFlow/test_scripts/grimes_lab_infinity_flow/pe_2022_01_19> was used as the working directory.
Started at Thu Oct 27 00:11:44 2022
Terminated at Thu Oct 27 00:18:26 2022
Results reported at Thu Oct 27 00:18:26 2022

Your job looked like:

------------------------------------------------------------
# LSBATCH: User input
#BSUB -L /bin/bash
#BSUB -W 24:00
#BSUB -n 12
#BSUB -R "span[ptile=4]"
#BSUB -M 80000
#BSUB -e /data/salomonis2/LabFiles/Kyle/Development/pyInfinityFlow/test_scripts/grimes_lab_infinity_flow/pe_2022_01_19/logs/%J.err
#BSUB -o /data/salomonis2/LabFiles/Kyle/Development/pyInfinityFlow/test_scripts/grimes_lab_infinity_flow/pe_2022_01_19/logs/%J.out

cd /data/salomonis2/LabFiles/Kyle/Development/pyInfinityFlow/test_scripts/grimes_lab_infinity_flow/pe_2022_01_19

# module load anaconda3
# conda activate /data/salomonis2/LabFiles/Kyle/Env/pyInfinityFlow_dev


pyInfinityFlow --data_dir /data/salomonis2/LabFiles/Kyle/Analysis/2022_07_01_Infinity_Flow_Update/input/gated_live_fcs_input/2022_01_19_PE/ --out_dir /data/salomonis2/LabFiles/Kyle/Analysis/2022_10_26_pyInfinityFlow_grimes_data/outputs/pyInfinityFlow_outputs/pe_2022_01_19/ --backbone_annotation /data/salomonis2/LabFiles/Kyle/Analysis/2022_07_01_Infinity_Flow_Update/input/pyInfinityFlow_annotations/2021_12_13_PE_backbone_anno.csv --infinity_marker_annotation /data/salomonis2/LabFiles/Kyle/Analysis/2022_07_01_Infinity_Flow_Update/input/pyInfinityFlow_annotations/2022_01_19_PE_infinity_marker_anno.csv --random_state 7 --use_logicle_scaling True --normalization_method None --n_events_train 0 --n_events_validate 0 --ratio_for_validation 0.2 --separate_backbone_reference /data/salomonis2/LabFiles/Kyle/Analysis/2022_07_01_Infinity_Flow_Update/input/gated_live_fcs_input/2022_06_28_PE/export_KF_Infinity_Flow_Add_PEs-Infinity_Markers_PE-CD131_Unmixed_Live.fcs --add_umap False --find_clusters False --find_markers False --make_feature_plots False --use_pca True --n_pc 15 --n_pc_plot_qc 50 --save_h5ad True --save_feather True --save_file_handler True --save_regression_models True --verbosity 3 --n_cores 12



------------------------------------------------------------

Successfully completed.

Resource usage summary:

    CPU time :                                   2054.55 sec.
    Max Memory :                                 11146 MB
    Average Memory :                             3911.63 MB
    Total Requested Memory :                     240000.00 MB
    Delta Memory :                               228854.00 MB
    Max Swap :                                   -
    Max Processes :                              5
    Max Threads :                                67
    Run time :                                   399 sec.
    Turnaround time :                            403 sec.

The output (if any) follows:



Running InfinityFlow from single directory, with all input .fcs files using the same channels for backbone...
	Input directory: /data/salomonis2/LabFiles/Kyle/Analysis/2022_07_01_Infinity_Flow_Update/input/gated_live_fcs_input/2022_01_19_PE/

DEBUG: add_umap value: False
DEBUG: find_clusters value: False
DEBUG: find_markers value: False
DEBUG: make_feature_plots value: False
DEBUG: VERBOSITY value: 3
Isotype controls will not be used...
DEBUG: Checking separate backbone reference fcs file for necessary backbone channels...
DEBUG: Streaming through .fcs files to specify events for training, validation, and prediction...
DEBUG: Input file export_Infinity Flow CCHMC PE 2022_01_19-PE_Infinity_Markers-CD43_Unmixed_Live.fcs was found to have 65507 events
DEBUG: 	52406 events will be used for training...
DEBUG: 	13101 events will be used for validation...
DEBUG: Input file export_Infinity Flow CCHMC PE 2022_01_19-PE_Infinity_Markers-CD105_Unmixed_Live.fcs was found to have 132134 events
DEBUG: 	105708 events will be used for training...
DEBUG: 	26426 events will be used for validation...
DEBUG: Input file export_Infinity Flow CCHMC PE 2022_01_19-PE_Infinity_Markers-CD123_Unmixed_Live.fcs was found to have 132510 events
DEBUG: 	106008 events will be used for training...
DEBUG: 	26502 events will be used for validation...
DEBUG: Input file export_Infinity Flow CCHMC PE 2022_01_19-PE_Infinity_Markers-CD125_Unmixed_Live.fcs was found to have 135679 events
DEBUG: 	108544 events will be used for training...
DEBUG: 	27135 events will be used for validation...
DEBUG: Input file export_Infinity Flow CCHMC PE 2022_01_19-PE_Infinity_Markers-CD163_Unmixed_Live.fcs was found to have 131917 events
DEBUG: 	105534 events will be used for training...
DEBUG: 	26383 events will be used for validation...
DEBUG: Input file export_Infinity Flow CCHMC PE 2022_01_19-PE_Infinity_Markers-CD170_Unmixed_Live.fcs was found to have 92392 events
DEBUG: 	73914 events will be used for training...
DEBUG: 	18478 events will be used for validation...
DEBUG: Input file export_Infinity Flow CCHMC PE 2022_01_19-PE_Infinity_Markers-CD1d_Unmixed_Live.fcs was found to have 133703 events
DEBUG: 	106963 events will be used for training...
DEBUG: 	26740 events will be used for validation...
DEBUG: Input file export_Infinity Flow CCHMC PE 2022_01_19-PE_Infinity_Markers-CD200R3_Unmixed_Live.fcs was found to have 125417 events
DEBUG: 	100334 events will be used for training...
DEBUG: 	25083 events will be used for validation...
DEBUG: Input file export_Infinity Flow CCHMC PE 2022_01_19-PE_Infinity_Markers-CD24_Unmixed_Live.fcs was found to have 87761 events
DEBUG: 	70209 events will be used for training...
DEBUG: 	17552 events will be used for validation...
DEBUG: Input file export_Infinity Flow CCHMC PE 2022_01_19-PE_Infinity_Markers-CD300LG_Unmixed_Live.fcs was found to have 133860 events
DEBUG: 	107088 events will be used for training...
DEBUG: 	26772 events will be used for validation...
DEBUG: Input file export_Infinity Flow CCHMC PE 2022_01_19-PE_Infinity_Markers-CD44_Unmixed_Live.fcs was found to have 110120 events
DEBUG: 	88096 events will be used for training...
DEBUG: 	22024 events will be used for validation...
DEBUG: Input file export_Infinity Flow CCHMC PE 2022_01_19-PE_Infinity_Markers-CD48_Unmixed_Live.fcs was found to have 122693 events
DEBUG: 	98155 events will be used for training...
DEBUG: 	24538 events will be used for validation...
DEBUG: Input file export_Infinity Flow CCHMC PE 2022_01_19-PE_Infinity_Markers-CD51_Unmixed_Live.fcs was found to have 135011 events
DEBUG: 	108009 events will be used for training...
DEBUG: 	27002 events will be used for validation...
DEBUG: Input file export_Infinity Flow CCHMC PE 2022_01_19-PE_Infinity_Markers-CD85k_Unmixed_Live.fcs was found to have 129144 events
DEBUG: 	103316 events will be used for training...
DEBUG: 	25828 events will be used for validation...
DEBUG: Input file export_Infinity Flow CCHMC PE 2022_01_19-PE_Infinity_Markers-CD90_2_Unmixed_Live.fcs was found to have 133026 events
DEBUG: 	106421 events will be used for training...
DEBUG: 	26605 events will be used for validation...
DEBUG: Input file export_Infinity Flow CCHMC PE 2022_01_19-PE_Infinity_Markers-Cx3cr1_Unmixed_Live.fcs was found to have 133606 events
DEBUG: 	106885 events will be used for training...
DEBUG: 	26721 events will be used for validation...
DEBUG: Input file export_Infinity Flow CCHMC PE 2022_01_19-PE_Infinity_Markers-Fcer1a_Unmixed_Live.fcs was found to have 134000 events
DEBUG: 	107200 events will be used for training...
DEBUG: 	26800 events will be used for validation...
DEBUG: Input file export_Infinity Flow CCHMC PE 2022_01_19-PE_Infinity_Markers-Integrin_B7_Unmixed_Live.fcs was found to have 133097 events
DEBUG: 	106478 events will be used for training...
DEBUG: 	26619 events will be used for validation...
DEBUG: Input file export_Infinity Flow CCHMC PE 2022_01_19-PE_Infinity_Markers-Ly108_Unmixed_Live.fcs was found to have 134841 events
DEBUG: 	107873 events will be used for training...
DEBUG: 	26968 events will be used for validation...
DEBUG: Input file export_Infinity Flow CCHMC PE 2022_01_19-PE_Infinity_Markers-PIR_A_B_Unmixed_Live.fcs was found to have 116448 events
DEBUG: 	93159 events will be used for training...
DEBUG: 	23289 events will be used for validation...
DEBUG: Input file export_Infinity Flow CCHMC PE 2022_01_19-PE_Infinity_Markers-Tim4_Unmixed_Live.fcs was found to have 120898 events
DEBUG: 	96719 events will be used for training...
DEBUG: 	24179 events will be used for validation...



Reading in data from .fcs files for model training...
DEBUG: 		Reading in the data for InfinityMarker CD43...
DEBUG: 		Reading in the data for InfinityMarker CD105...
DEBUG: 		Reading in the data for InfinityMarker CD123...
DEBUG: 		Reading in the data for InfinityMarker CD125...
DEBUG: 		Reading in the data for InfinityMarker CD163...
DEBUG: 		Reading in the data for InfinityMarker CD170...
DEBUG: 		Reading in the data for InfinityMarker CD1d...
DEBUG: 		Reading in the data for InfinityMarker CD200R3...
DEBUG: 		Reading in the data for InfinityMarker CD24...
DEBUG: 		Reading in the data for InfinityMarker CD300LG...
DEBUG: 		Reading in the data for InfinityMarker CD44...
DEBUG: 		Reading in the data for InfinityMarker CD48...
DEBUG: 		Reading in the data for InfinityMarker CD51...
DEBUG: 		Reading in the data for InfinityMarker CD85k...
DEBUG: 		Reading in the data for InfinityMarker CD90_2...
DEBUG: 		Reading in the data for InfinityMarker CX3CR1...
DEBUG: 		Reading in the data for InfinityMarker FCER1A...
DEBUG: 		Reading in the data for InfinityMarker INTEGRIN_B7...
DEBUG: 		Reading in the data for InfinityMarker Ly108...
DEBUG: 		Reading in the data for InfinityMarker PIR_A_B...
DEBUG: 		Reading in the data for InfinityMarker TIM4...
Applying Logicle normalization to data...
	Building regression model for CD43...
DEBUG: Setting n_jobs to 12 and random_state to 7
DEBUG: 		XGBoost regression model trained in 3.52 seconds.

	Building regression model for CD105...
DEBUG: Setting n_jobs to 12 and random_state to 7
DEBUG: 		XGBoost regression model trained in 6.43 seconds.

	Building regression model for CD123...
DEBUG: Setting n_jobs to 12 and random_state to 7
DEBUG: 		XGBoost regression model trained in 6.12 seconds.

	Building regression model for CD125...
DEBUG: Setting n_jobs to 12 and random_state to 7
DEBUG: 		XGBoost regression model trained in 6.53 seconds.

	Building regression model for CD163...
DEBUG: Setting n_jobs to 12 and random_state to 7
DEBUG: 		XGBoost regression model trained in 6.10 seconds.

	Building regression model for CD170...
DEBUG: Setting n_jobs to 12 and random_state to 7
DEBUG: 		XGBoost regression model trained in 4.37 seconds.

	Building regression model for CD1d...
DEBUG: Setting n_jobs to 12 and random_state to 7
DEBUG: 		XGBoost regression model trained in 6.44 seconds.

	Building regression model for CD200R3...
DEBUG: Setting n_jobs to 12 and random_state to 7
DEBUG: 		XGBoost regression model trained in 5.87 seconds.

	Building regression model for CD24...
DEBUG: Setting n_jobs to 12 and random_state to 7
DEBUG: 		XGBoost regression model trained in 4.22 seconds.

	Building regression model for CD300LG...
DEBUG: Setting n_jobs to 12 and random_state to 7
DEBUG: 		XGBoost regression model trained in 6.32 seconds.

	Building regression model for CD44...
DEBUG: Setting n_jobs to 12 and random_state to 7
DEBUG: 		XGBoost regression model trained in 5.18 seconds.

	Building regression model for CD48...
DEBUG: Setting n_jobs to 12 and random_state to 7
DEBUG: 		XGBoost regression model trained in 5.94 seconds.

	Building regression model for CD51...
DEBUG: Setting n_jobs to 12 and random_state to 7
DEBUG: 		XGBoost regression model trained in 6.19 seconds.

	Building regression model for CD85k...
DEBUG: Setting n_jobs to 12 and random_state to 7
DEBUG: 		XGBoost regression model trained in 5.85 seconds.

	Building regression model for CD90_2...
DEBUG: Setting n_jobs to 12 and random_state to 7
DEBUG: 		XGBoost regression model trained in 6.03 seconds.

	Building regression model for CX3CR1...
DEBUG: Setting n_jobs to 12 and random_state to 7
DEBUG: 		XGBoost regression model trained in 6.36 seconds.

	Building regression model for FCER1A...
DEBUG: Setting n_jobs to 12 and random_state to 7
DEBUG: 		XGBoost regression model trained in 6.53 seconds.

	Building regression model for INTEGRIN_B7...
DEBUG: Setting n_jobs to 12 and random_state to 7
DEBUG: 		XGBoost regression model trained in 6.38 seconds.

	Building regression model for Ly108...
DEBUG: Setting n_jobs to 12 and random_state to 7
DEBUG: 		XGBoost regression model trained in 6.64 seconds.

	Building regression model for PIR_A_B...
DEBUG: Setting n_jobs to 12 and random_state to 7
DEBUG: 		XGBoost regression model trained in 5.99 seconds.

	Building regression model for TIM4...
DEBUG: Setting n_jobs to 12 and random_state to 7
DEBUG: 		XGBoost regression model trained in 5.90 seconds.

Reading in data from .fcs files for model validation...
DEBUG: 		Reading in the data for InfinityMarker CD43...
DEBUG: 		Reading in the data for InfinityMarker CD105...
DEBUG: 		Reading in the data for InfinityMarker CD123...
DEBUG: 		Reading in the data for InfinityMarker CD125...
DEBUG: 		Reading in the data for InfinityMarker CD163...
DEBUG: 		Reading in the data for InfinityMarker CD170...
DEBUG: 		Reading in the data for InfinityMarker CD1d...
DEBUG: 		Reading in the data for InfinityMarker CD200R3...
DEBUG: 		Reading in the data for InfinityMarker CD24...
DEBUG: 		Reading in the data for InfinityMarker CD300LG...
DEBUG: 		Reading in the data for InfinityMarker CD44...
DEBUG: 		Reading in the data for InfinityMarker CD48...
DEBUG: 		Reading in the data for InfinityMarker CD51...
DEBUG: 		Reading in the data for InfinityMarker CD85k...
DEBUG: 		Reading in the data for InfinityMarker CD90_2...
DEBUG: 		Reading in the data for InfinityMarker CX3CR1...
DEBUG: 		Reading in the data for InfinityMarker FCER1A...
DEBUG: 		Reading in the data for InfinityMarker INTEGRIN_B7...
DEBUG: 		Reading in the data for InfinityMarker Ly108...
DEBUG: 		Reading in the data for InfinityMarker PIR_A_B...
DEBUG: 		Reading in the data for InfinityMarker TIM4...
Applying Logicle normalization to data...
Obtaining validation metrics for regression models...
		Working on CD43...
		Working on CD105...
		Working on CD123...
		Working on CD125...
		Working on CD163...
		Working on CD170...
		Working on CD1d...
		Working on CD200R3...
		Working on CD24...
		Working on CD300LG...
		Working on CD44...
		Working on CD48...
		Working on CD51...
		Working on CD85k...
		Working on CD90_2...
		Working on CX3CR1...
		Working on FCER1A...
		Working on INTEGRIN_B7...
		Working on Ly108...
		Working on PIR_A_B...
		Working on TIM4...
Reading in data from separate_backbone_reference .fcs file for final Infinity Flow object...
Applying Logicle normalization to data...
Making predictions for final InfinityFlow object...
		Working on CD43...
		Working on CD105...
		Working on CD123...
		Working on CD125...
		Working on CD163...
		Working on CD170...
		Working on CD1d...
		Working on CD200R3...
		Working on CD24...
		Working on CD300LG...
		Working on CD44...
		Working on CD48...
		Working on CD51...
		Working on CD85k...
		Working on CD90_2...
		Working on CX3CR1...
		Working on FCER1A...
		Working on INTEGRIN_B7...
		Working on Ly108...
		Working on PIR_A_B...
		Working on TIM4...
DEBUG: add_umap value: False
DEBUG: find_clusters value: False
DEBUG: find_markers value: False
DEBUG: make_feature_plots value: False
Writing out base prediction values to fcs file...
Omitting spillover matrix...
WARNING! TEXT segment value for key $P43S is empty. Excluding from written file.
WARNING! TEXT segment value for key $P44S is empty. Excluding from written file.
WARNING! TEXT segment value for key $P45S is empty. Excluding from written file.
WARNING! TEXT segment value for key $P46S is empty. Excluding from written file.
WARNING! TEXT segment value for key $P49S is empty. Excluding from written file.
WARNING! TEXT segment value for key $P50S is empty. Excluding from written file.
WARNING! TEXT segment value for key $P51S is empty. Excluding from written file.
WARNING! TEXT segment value for key $P52S is empty. Excluding from written file.
WARNING! TEXT segment value for key $P53S is empty. Excluding from written file.
WARNING! TEXT segment value for key $P54S is empty. Excluding from written file.
WARNING! TEXT segment value for key $P55S is empty. Excluding from written file.
WARNING! TEXT segment value for key $P43S is empty. Excluding from written file.
WARNING! TEXT segment value for key $P44S is empty. Excluding from written file.
WARNING! TEXT segment value for key $P45S is empty. Excluding from written file.
WARNING! TEXT segment value for key $P46S is empty. Excluding from written file.
WARNING! TEXT segment value for key $P49S is empty. Excluding from written file.
WARNING! TEXT segment value for key $P50S is empty. Excluding from written file.
WARNING! TEXT segment value for key $P51S is empty. Excluding from written file.
WARNING! TEXT segment value for key $P52S is empty. Excluding from written file.
WARNING! TEXT segment value for key $P53S is empty. Excluding from written file.
WARNING! TEXT segment value for key $P54S is empty. Excluding from written file.
WARNING! TEXT segment value for key $P55S is empty. Excluding from written file.
Saving Infinity Flow object as h5ad file...
Saving Infinity Flow object as feather file...
Done.
Base InfinityFlow Pipeline took 372.33 seconds for input dataset.


PS:

Read file </data/salomonis2/LabFiles/Kyle/Development/pyInfinityFlow/test_scripts/grimes_lab_infinity_flow/pe_2022_01_19/logs/150097.err> for stderr output of this job.

