Sender: LSF System <srv-lsf@bmi-460g8-53>
Subject: Job 150101: <#BSUB -L /bin/bash;#BSUB -W 24:00;#BSUB -n 12;#BSUB -R "span[ptile=4]";#BSUB -M 80000;#BSUB -e /data/salomonis2/LabFiles/Kyle/Development/pyInfinityFlow/test_scripts/grimes_lab_infinity_flow/pe_2022_05_20/logs/%J.err;#BSUB -o /data/salomonis2/LabFiles/Kyle/Development/pyInfinityFlow/test_scripts/grimes_lab_infinity_flow/pe_2022_05_20/logs/%J.out; cd /data/salomonis2/LabFiles/Kyle/Development/pyInfinityFlow/test_scripts/grimes_lab_infinity_flow/pe_2022_05_20; # module load anaconda3;# conda activate /data/salomonis2/LabFiles/Kyle/Env/pyInfinityFlow_dev;  pyInfinityFlow --data_dir /data/salomonis2/LabFiles/Kyle/Analysis/2022_07_01_Infinity_Flow_Update/input/gated_live_fcs_input/2022_05_20_PE/ --out_dir /data/salomonis2/LabFiles/Kyle/Analysis/2022_10_26_pyInfinityFlow_grimes_data/outputs/pyInfinityFlow_outputs/pe_2022_05_20/ --backbone_annotation /data/salomonis2/LabFiles/Kyle/Analysis/2022_07_01_Infinity_Flow_Update/input/pyInfinityFlow_annotations/2021_12_13_PE_backbone_anno.csv --infinity_marker_annotation /data/salomonis2/LabFiles/Kyle/Analysis/2022_07_01_Infinity_Flow_Update/input/pyInfinityFlow_annotations/2022_05_20_PE_infinity_marker_anno.csv --random_state 7 --use_logicle_scaling True --normalization_method None --n_events_train 0 --n_events_validate 0 --ratio_for_validation 0.2 --separate_backbone_reference /data/salomonis2/LabFiles/Kyle/Analysis/2022_07_01_Infinity_Flow_Update/input/gated_live_fcs_input/2022_06_28_PE/export_KF_Infinity_Flow_Add_PEs-Infinity_Markers_PE-CD131_Unmixed_Live.fcs --add_umap False --find_clusters False --find_markers False --make_feature_plots False --use_pca True --n_pc 15 --n_pc_plot_qc 50 --save_h5ad True --save_feather True --save_file_handler True --save_regression_models True --verbosity 3 --n_cores 12> in cluster <BMICluster> Done

Job <#BSUB -L /bin/bash;#BSUB -W 24:00;#BSUB -n 12;#BSUB -R "span[ptile=4]";#BSUB -M 80000;#BSUB -e /data/salomonis2/LabFiles/Kyle/Development/pyInfinityFlow/test_scripts/grimes_lab_infinity_flow/pe_2022_05_20/logs/%J.err;#BSUB -o /data/salomonis2/LabFiles/Kyle/Development/pyInfinityFlow/test_scripts/grimes_lab_infinity_flow/pe_2022_05_20/logs/%J.out; cd /data/salomonis2/LabFiles/Kyle/Development/pyInfinityFlow/test_scripts/grimes_lab_infinity_flow/pe_2022_05_20; # module load anaconda3;# conda activate /data/salomonis2/LabFiles/Kyle/Env/pyInfinityFlow_dev;  pyInfinityFlow --data_dir /data/salomonis2/LabFiles/Kyle/Analysis/2022_07_01_Infinity_Flow_Update/input/gated_live_fcs_input/2022_05_20_PE/ --out_dir /data/salomonis2/LabFiles/Kyle/Analysis/2022_10_26_pyInfinityFlow_grimes_data/outputs/pyInfinityFlow_outputs/pe_2022_05_20/ --backbone_annotation /data/salomonis2/LabFiles/Kyle/Analysis/2022_07_01_Infinity_Flow_Update/input/pyInfinityFlow_annotations/2021_12_13_PE_backbone_anno.csv --infinity_marker_annotation /data/salomonis2/LabFiles/Kyle/Analysis/2022_07_01_Infinity_Flow_Update/input/pyInfinityFlow_annotations/2022_05_20_PE_infinity_marker_anno.csv --random_state 7 --use_logicle_scaling True --normalization_method None --n_events_train 0 --n_events_validate 0 --ratio_for_validation 0.2 --separate_backbone_reference /data/salomonis2/LabFiles/Kyle/Analysis/2022_07_01_Infinity_Flow_Update/input/gated_live_fcs_input/2022_06_28_PE/export_KF_Infinity_Flow_Add_PEs-Infinity_Markers_PE-CD131_Unmixed_Live.fcs --add_umap False --find_clusters False --find_markers False --make_feature_plots False --use_pca True --n_pc 15 --n_pc_plot_qc 50 --save_h5ad True --save_feather True --save_file_handler True --save_regression_models True --verbosity 3 --n_cores 12> was submitted from host <bmi-460g9-23> by user <fero3l> in cluster <BMICluster> at Thu Oct 27 00:11:57 2022
Job was executed on host(s) <4*bmi-460g8-53>, in queue <normal>, as user <fero3l> in cluster <BMICluster> at Thu Oct 27 00:11:59 2022
                            <4*bmi-460g9-06>
                            <4*bmi-460g8-54>
</tmp/.lsbtmp41736> was used as the home directory.
</data/salomonis2/LabFiles/Kyle/Development/pyInfinityFlow/test_scripts/grimes_lab_infinity_flow/pe_2022_05_20> was used as the working directory.
Started at Thu Oct 27 00:11:59 2022
Terminated at Thu Oct 27 00:41:35 2022
Results reported at Thu Oct 27 00:41:35 2022

Your job looked like:

------------------------------------------------------------
# LSBATCH: User input
#BSUB -L /bin/bash
#BSUB -W 24:00
#BSUB -n 12
#BSUB -R "span[ptile=4]"
#BSUB -M 80000
#BSUB -e /data/salomonis2/LabFiles/Kyle/Development/pyInfinityFlow/test_scripts/grimes_lab_infinity_flow/pe_2022_05_20/logs/%J.err
#BSUB -o /data/salomonis2/LabFiles/Kyle/Development/pyInfinityFlow/test_scripts/grimes_lab_infinity_flow/pe_2022_05_20/logs/%J.out

cd /data/salomonis2/LabFiles/Kyle/Development/pyInfinityFlow/test_scripts/grimes_lab_infinity_flow/pe_2022_05_20

# module load anaconda3
# conda activate /data/salomonis2/LabFiles/Kyle/Env/pyInfinityFlow_dev


pyInfinityFlow --data_dir /data/salomonis2/LabFiles/Kyle/Analysis/2022_07_01_Infinity_Flow_Update/input/gated_live_fcs_input/2022_05_20_PE/ --out_dir /data/salomonis2/LabFiles/Kyle/Analysis/2022_10_26_pyInfinityFlow_grimes_data/outputs/pyInfinityFlow_outputs/pe_2022_05_20/ --backbone_annotation /data/salomonis2/LabFiles/Kyle/Analysis/2022_07_01_Infinity_Flow_Update/input/pyInfinityFlow_annotations/2021_12_13_PE_backbone_anno.csv --infinity_marker_annotation /data/salomonis2/LabFiles/Kyle/Analysis/2022_07_01_Infinity_Flow_Update/input/pyInfinityFlow_annotations/2022_05_20_PE_infinity_marker_anno.csv --random_state 7 --use_logicle_scaling True --normalization_method None --n_events_train 0 --n_events_validate 0 --ratio_for_validation 0.2 --separate_backbone_reference /data/salomonis2/LabFiles/Kyle/Analysis/2022_07_01_Infinity_Flow_Update/input/gated_live_fcs_input/2022_06_28_PE/export_KF_Infinity_Flow_Add_PEs-Infinity_Markers_PE-CD131_Unmixed_Live.fcs --add_umap False --find_clusters False --find_markers False --make_feature_plots False --use_pca True --n_pc 15 --n_pc_plot_qc 50 --save_h5ad True --save_feather True --save_file_handler True --save_regression_models True --verbosity 3 --n_cores 12



------------------------------------------------------------

Successfully completed.

Resource usage summary:

    CPU time :                                   11020.52 sec.
    Max Memory :                                 15791 MB
    Average Memory :                             7249.12 MB
    Total Requested Memory :                     240000.00 MB
    Delta Memory :                               224209.00 MB
    Max Swap :                                   -
    Max Processes :                              5
    Max Threads :                                67
    Run time :                                   1773 sec.
    Turnaround time :                            1778 sec.

The output (if any) follows:



Running InfinityFlow from single directory, with all input .fcs files using the same channels for backbone...
	Input directory: /data/salomonis2/LabFiles/Kyle/Analysis/2022_07_01_Infinity_Flow_Update/input/gated_live_fcs_input/2022_05_20_PE/

DEBUG: add_umap value: False
DEBUG: find_clusters value: False
DEBUG: find_markers value: False
DEBUG: make_feature_plots value: False
DEBUG: VERBOSITY value: 3
Isotype controls will not be used...
DEBUG: Checking separate backbone reference fcs file for necessary backbone channels...
DEBUG: Streaming through .fcs files to specify events for training, validation, and prediction...
DEBUG: Input file export_Infinity Flow 05-20-2022-Infinity Markers-CD21_35_Unmixed_Live.fcs was found to have 250962 events
DEBUG: 	200770 events will be used for training...
DEBUG: 	50192 events will be used for validation...
DEBUG: Input file export_Infinity Flow 05-20-2022-Infinity Markers-CD317_Unmixed_Live.fcs was found to have 198805 events
DEBUG: 	159044 events will be used for training...
DEBUG: 	39761 events will be used for validation...
DEBUG: Input file export_Infinity Flow 05-20-2022-Infinity Markers-CD140a_Unmixed_Live.fcs was found to have 199471 events
DEBUG: 	159577 events will be used for training...
DEBUG: 	39894 events will be used for validation...
DEBUG: Input file export_Infinity Flow 05-20-2022-Infinity Markers-CD14_Unmixed_Live.fcs was found to have 252180 events
DEBUG: 	201744 events will be used for training...
DEBUG: 	50436 events will be used for validation...
DEBUG: Input file export_Infinity Flow 05-20-2022-Infinity Markers-CD159a_Unmixed_Live.fcs was found to have 199566 events
DEBUG: 	159653 events will be used for training...
DEBUG: 	39913 events will be used for validation...
DEBUG: Input file export_Infinity Flow 05-20-2022-Infinity Markers-CD172a_Unmixed_Live.fcs was found to have 199179 events
DEBUG: 	159344 events will be used for training...
DEBUG: 	39835 events will be used for validation...
DEBUG: Input file export_Infinity Flow 05-20-2022-Infinity Markers-CD182_Unmixed_Live.fcs was found to have 199226 events
DEBUG: 	159381 events will be used for training...
DEBUG: 	39845 events will be used for validation...
DEBUG: Input file export_Infinity Flow 05-20-2022-Infinity Markers-CD183_Unmixed_Live.fcs was found to have 199514 events
DEBUG: 	159612 events will be used for training...
DEBUG: 	39902 events will be used for validation...
DEBUG: Input file export_Infinity Flow 05-20-2022-Infinity Markers-CD200r_Unmixed_Live.fcs was found to have 199638 events
DEBUG: 	159711 events will be used for training...
DEBUG: 	39927 events will be used for validation...
DEBUG: Input file export_Infinity Flow 05-20-2022-Infinity Markers-CD200_Unmixed_Live.fcs was found to have 199318 events
DEBUG: 	159455 events will be used for training...
DEBUG: 	39863 events will be used for validation...
DEBUG: Input file export_Infinity Flow 05-20-2022-Infinity Markers-CD201_Unmixed_Live.fcs was found to have 199256 events
DEBUG: 	159405 events will be used for training...
DEBUG: 	39851 events will be used for validation...
DEBUG: Input file export_Infinity Flow 05-20-2022-Infinity Markers-CD20_Unmixed_Live.fcs was found to have 251765 events
DEBUG: 	201412 events will be used for training...
DEBUG: 	50353 events will be used for validation...
DEBUG: Input file export_Infinity Flow 05-20-2022-Infinity Markers-CD223_Unmixed_Live.fcs was found to have 199130 events
DEBUG: 	159304 events will be used for training...
DEBUG: 	39826 events will be used for validation...
DEBUG: Input file export_Infinity Flow 05-20-2022-Infinity Markers-CD22_Unmixed_Live.fcs was found to have 250989 events
DEBUG: 	200792 events will be used for training...
DEBUG: 	50197 events will be used for validation...
DEBUG: Input file export_Infinity Flow 05-20-2022-Infinity Markers-CD23_Unmixed_Live.fcs was found to have 250748 events
DEBUG: 	200599 events will be used for training...
DEBUG: 	50149 events will be used for validation...
DEBUG: Input file export_Infinity Flow 05-20-2022-Infinity Markers-CD26_Unmixed_Live.fcs was found to have 250015 events
DEBUG: 	200012 events will be used for training...
DEBUG: 	50003 events will be used for validation...
DEBUG: Input file export_Infinity Flow 05-20-2022-Infinity Markers-CD270_Unmixed_Live.fcs was found to have 201409 events
DEBUG: 	161128 events will be used for training...
DEBUG: 	40281 events will be used for validation...
DEBUG: Input file export_Infinity Flow 05-20-2022-Infinity Markers-CD279_Unmixed_Live.fcs was found to have 198545 events
DEBUG: 	158836 events will be used for training...
DEBUG: 	39709 events will be used for validation...
DEBUG: Input file export_Infinity Flow 05-20-2022-Infinity Markers-CD29_Unmixed_Live.fcs was found to have 265104 events
DEBUG: 	212084 events will be used for training...
DEBUG: 	53020 events will be used for validation...
DEBUG: Input file export_Infinity Flow 05-20-2022-Infinity Markers-CD301b_Unmixed_Live.fcs was found to have 199216 events
DEBUG: 	159373 events will be used for training...
DEBUG: 	39843 events will be used for validation...
DEBUG: Input file export_Infinity Flow 05-20-2022-Infinity Markers-CD69_Unmixed_Live.fcs was found to have 199712 events
DEBUG: 	159770 events will be used for training...
DEBUG: 	39942 events will be used for validation...
DEBUG: Input file export_Infinity Flow 05-20-2022-Infinity Markers-CD79b_Unmixed_Live.fcs was found to have 199430 events
DEBUG: 	159544 events will be used for training...
DEBUG: 	39886 events will be used for validation...
DEBUG: Input file export_Infinity Flow 05-20-2022-Infinity Markers-CD95_Unmixed_Live.fcs was found to have 199459 events
DEBUG: 	159568 events will be used for training...
DEBUG: 	39891 events will be used for validation...
DEBUG: Input file export_Infinity Flow 05-20-2022-Infinity Markers-IgD_Unmixed_Live.fcs was found to have 199235 events
DEBUG: 	159388 events will be used for training...
DEBUG: 	39847 events will be used for validation...
DEBUG: Input file export_Infinity Flow 05-20-2022-Infinity Markers-IgM_Unmixed_Live.fcs was found to have 198869 events
DEBUG: 	159096 events will be used for training...
DEBUG: 	39773 events will be used for validation...
DEBUG: Input file export_Infinity Flow 05-20-2022-Infinity Markers-IL33r_Unmixed_Live.fcs was found to have 262542 events
DEBUG: 	210034 events will be used for training...
DEBUG: 	52508 events will be used for validation...
DEBUG: Input file export_Infinity Flow 05-20-2022-Infinity Markers-Ly49A_Unmixed_Live.fcs was found to have 199298 events
DEBUG: 	159439 events will be used for training...
DEBUG: 	39859 events will be used for validation...
DEBUG: Input file export_Infinity Flow 05-20-2022-Infinity Markers-SiglecH_Unmixed_Live.fcs was found to have 198256 events
DEBUG: 	158605 events will be used for training...
DEBUG: 	39651 events will be used for validation...
DEBUG: Input file export_Irf8-GFP_CD127-PE_Unmixed_Live.fcs was found to have 3360962 events
DEBUG: 	2688770 events will be used for training...
DEBUG: 	672192 events will be used for validation...



Reading in data from .fcs files for model training...
DEBUG: 		Reading in the data for InfinityMarker CD21_35...
DEBUG: 		Reading in the data for InfinityMarker CD317...
DEBUG: 		Reading in the data for InfinityMarker CD140a...
DEBUG: 		Reading in the data for InfinityMarker CD14...
DEBUG: 		Reading in the data for InfinityMarker CD159a...
DEBUG: 		Reading in the data for InfinityMarker CD172a...
DEBUG: 		Reading in the data for InfinityMarker CD182...
DEBUG: 		Reading in the data for InfinityMarker CD183...
DEBUG: 		Reading in the data for InfinityMarker CD200r...
DEBUG: 		Reading in the data for InfinityMarker CD200...
DEBUG: 		Reading in the data for InfinityMarker CD201...
DEBUG: 		Reading in the data for InfinityMarker CD20...
DEBUG: 		Reading in the data for InfinityMarker CD223...
DEBUG: 		Reading in the data for InfinityMarker CD22...
DEBUG: 		Reading in the data for InfinityMarker CD23...
DEBUG: 		Reading in the data for InfinityMarker CD26...
DEBUG: 		Reading in the data for InfinityMarker CD270...
DEBUG: 		Reading in the data for InfinityMarker CD279...
DEBUG: 		Reading in the data for InfinityMarker CD29...
DEBUG: 		Reading in the data for InfinityMarker CD301b...
DEBUG: 		Reading in the data for InfinityMarker CD69...
DEBUG: 		Reading in the data for InfinityMarker CD79b...
DEBUG: 		Reading in the data for InfinityMarker CD95...
DEBUG: 		Reading in the data for InfinityMarker IgD...
DEBUG: 		Reading in the data for InfinityMarker IgM...
DEBUG: 		Reading in the data for InfinityMarker IL33r...
DEBUG: 		Reading in the data for InfinityMarker Ly49A...
DEBUG: 		Reading in the data for InfinityMarker SiglecH...
DEBUG: 		Reading in the data for InfinityMarker CD127...
Applying Logicle normalization to data...
	Building regression model for CD21_35...
DEBUG: Setting n_jobs to 12 and random_state to 7
DEBUG: 		XGBoost regression model trained in 59.37 seconds.

	Building regression model for CD317...
DEBUG: Setting n_jobs to 12 and random_state to 7
DEBUG: 		XGBoost regression model trained in 55.08 seconds.

	Building regression model for CD140a...
DEBUG: Setting n_jobs to 12 and random_state to 7
DEBUG: 		XGBoost regression model trained in 52.51 seconds.

	Building regression model for CD14...
DEBUG: Setting n_jobs to 12 and random_state to 7
DEBUG: 		XGBoost regression model trained in 58.90 seconds.

	Building regression model for CD159a...
DEBUG: Setting n_jobs to 12 and random_state to 7
DEBUG: 		XGBoost regression model trained in 53.01 seconds.

	Building regression model for CD172a...
DEBUG: Setting n_jobs to 12 and random_state to 7
DEBUG: 		XGBoost regression model trained in 53.17 seconds.

	Building regression model for CD182...
DEBUG: Setting n_jobs to 12 and random_state to 7
DEBUG: 		XGBoost regression model trained in 53.72 seconds.

	Building regression model for CD183...
DEBUG: Setting n_jobs to 12 and random_state to 7
DEBUG: 		XGBoost regression model trained in 52.65 seconds.

	Building regression model for CD200r...
DEBUG: Setting n_jobs to 12 and random_state to 7
DEBUG: 		XGBoost regression model trained in 53.96 seconds.

	Building regression model for CD200...
DEBUG: Setting n_jobs to 12 and random_state to 7
DEBUG: 		XGBoost regression model trained in 52.75 seconds.

	Building regression model for CD201...
DEBUG: Setting n_jobs to 12 and random_state to 7
DEBUG: 		XGBoost regression model trained in 45.90 seconds.

	Building regression model for CD20...
DEBUG: Setting n_jobs to 12 and random_state to 7
DEBUG: 		XGBoost regression model trained in 24.06 seconds.

	Building regression model for CD223...
DEBUG: Setting n_jobs to 12 and random_state to 7
DEBUG: 		XGBoost regression model trained in 18.55 seconds.

	Building regression model for CD22...
DEBUG: Setting n_jobs to 12 and random_state to 7
DEBUG: 		XGBoost regression model trained in 21.07 seconds.

	Building regression model for CD23...
DEBUG: Setting n_jobs to 12 and random_state to 7
DEBUG: 		XGBoost regression model trained in 19.87 seconds.

	Building regression model for CD26...
DEBUG: Setting n_jobs to 12 and random_state to 7
DEBUG: 		XGBoost regression model trained in 20.61 seconds.

	Building regression model for CD270...
DEBUG: Setting n_jobs to 12 and random_state to 7
DEBUG: 		XGBoost regression model trained in 17.24 seconds.

	Building regression model for CD279...
DEBUG: Setting n_jobs to 12 and random_state to 7
DEBUG: 		XGBoost regression model trained in 15.79 seconds.

	Building regression model for CD29...
DEBUG: Setting n_jobs to 12 and random_state to 7
DEBUG: 		XGBoost regression model trained in 21.68 seconds.

	Building regression model for CD301b...
DEBUG: Setting n_jobs to 12 and random_state to 7
DEBUG: 		XGBoost regression model trained in 16.75 seconds.

	Building regression model for CD69...
DEBUG: Setting n_jobs to 12 and random_state to 7
DEBUG: 		XGBoost regression model trained in 16.78 seconds.

	Building regression model for CD79b...
DEBUG: Setting n_jobs to 12 and random_state to 7
DEBUG: 		XGBoost regression model trained in 16.62 seconds.

	Building regression model for CD95...
DEBUG: Setting n_jobs to 12 and random_state to 7
DEBUG: 		XGBoost regression model trained in 16.52 seconds.

	Building regression model for IgD...
DEBUG: Setting n_jobs to 12 and random_state to 7
DEBUG: 		XGBoost regression model trained in 16.48 seconds.

	Building regression model for IgM...
DEBUG: Setting n_jobs to 12 and random_state to 7
DEBUG: 		XGBoost regression model trained in 17.23 seconds.

	Building regression model for IL33r...
DEBUG: Setting n_jobs to 12 and random_state to 7
DEBUG: 		XGBoost regression model trained in 21.42 seconds.

	Building regression model for Ly49A...
DEBUG: Setting n_jobs to 12 and random_state to 7
DEBUG: 		XGBoost regression model trained in 16.41 seconds.

	Building regression model for SiglecH...
DEBUG: Setting n_jobs to 12 and random_state to 7
DEBUG: 		XGBoost regression model trained in 16.63 seconds.

	Building regression model for CD127...
DEBUG: Setting n_jobs to 12 and random_state to 7
DEBUG: 		XGBoost regression model trained in 264.88 seconds.

Reading in data from .fcs files for model validation...
DEBUG: 		Reading in the data for InfinityMarker CD21_35...
DEBUG: 		Reading in the data for InfinityMarker CD317...
DEBUG: 		Reading in the data for InfinityMarker CD140a...
DEBUG: 		Reading in the data for InfinityMarker CD14...
DEBUG: 		Reading in the data for InfinityMarker CD159a...
DEBUG: 		Reading in the data for InfinityMarker CD172a...
DEBUG: 		Reading in the data for InfinityMarker CD182...
DEBUG: 		Reading in the data for InfinityMarker CD183...
DEBUG: 		Reading in the data for InfinityMarker CD200r...
DEBUG: 		Reading in the data for InfinityMarker CD200...
DEBUG: 		Reading in the data for InfinityMarker CD201...
DEBUG: 		Reading in the data for InfinityMarker CD20...
DEBUG: 		Reading in the data for InfinityMarker CD223...
DEBUG: 		Reading in the data for InfinityMarker CD22...
DEBUG: 		Reading in the data for InfinityMarker CD23...
DEBUG: 		Reading in the data for InfinityMarker CD26...
DEBUG: 		Reading in the data for InfinityMarker CD270...
DEBUG: 		Reading in the data for InfinityMarker CD279...
DEBUG: 		Reading in the data for InfinityMarker CD29...
DEBUG: 		Reading in the data for InfinityMarker CD301b...
DEBUG: 		Reading in the data for InfinityMarker CD69...
DEBUG: 		Reading in the data for InfinityMarker CD79b...
DEBUG: 		Reading in the data for InfinityMarker CD95...
DEBUG: 		Reading in the data for InfinityMarker IgD...
DEBUG: 		Reading in the data for InfinityMarker IgM...
DEBUG: 		Reading in the data for InfinityMarker IL33r...
DEBUG: 		Reading in the data for InfinityMarker Ly49A...
DEBUG: 		Reading in the data for InfinityMarker SiglecH...
DEBUG: 		Reading in the data for InfinityMarker CD127...
Applying Logicle normalization to data...
Obtaining validation metrics for regression models...
		Working on CD21_35...
		Working on CD317...
		Working on CD140a...
		Working on CD14...
		Working on CD159a...
		Working on CD172a...
		Working on CD182...
		Working on CD183...
		Working on CD200r...
		Working on CD200...
		Working on CD201...
		Working on CD20...
		Working on CD223...
		Working on CD22...
		Working on CD23...
		Working on CD26...
		Working on CD270...
		Working on CD279...
		Working on CD29...
		Working on CD301b...
		Working on CD69...
		Working on CD79b...
		Working on CD95...
		Working on IgD...
		Working on IgM...
		Working on IL33r...
		Working on Ly49A...
		Working on SiglecH...
		Working on CD127...
Reading in data from separate_backbone_reference .fcs file for final Infinity Flow object...
Applying Logicle normalization to data...
Making predictions for final InfinityFlow object...
		Working on CD21_35...
		Working on CD317...
		Working on CD140a...
		Working on CD14...
		Working on CD159a...
		Working on CD172a...
		Working on CD182...
		Working on CD183...
		Working on CD200r...
		Working on CD200...
		Working on CD201...
		Working on CD20...
		Working on CD223...
		Working on CD22...
		Working on CD23...
		Working on CD26...
		Working on CD270...
		Working on CD279...
		Working on CD29...
		Working on CD301b...
		Working on CD69...
		Working on CD79b...
		Working on CD95...
		Working on IgD...
		Working on IgM...
		Working on IL33r...
		Working on Ly49A...
		Working on SiglecH...
		Working on CD127...
DEBUG: add_umap value: False
DEBUG: find_clusters value: False
DEBUG: find_markers value: False
DEBUG: make_feature_plots value: False
Writing out base prediction values to fcs file...
Omitting spillover matrix...
WARNING! TEXT segment value for key $P51S is empty. Excluding from written file.
WARNING! TEXT segment value for key $P52S is empty. Excluding from written file.
WARNING! TEXT segment value for key $P53S is empty. Excluding from written file.
WARNING! TEXT segment value for key $P54S is empty. Excluding from written file.
WARNING! TEXT segment value for key $P57S is empty. Excluding from written file.
WARNING! TEXT segment value for key $P58S is empty. Excluding from written file.
WARNING! TEXT segment value for key $P59S is empty. Excluding from written file.
WARNING! TEXT segment value for key $P60S is empty. Excluding from written file.
WARNING! TEXT segment value for key $P61S is empty. Excluding from written file.
WARNING! TEXT segment value for key $P62S is empty. Excluding from written file.
WARNING! TEXT segment value for key $P63S is empty. Excluding from written file.
WARNING! TEXT segment value for key $P51S is empty. Excluding from written file.
WARNING! TEXT segment value for key $P52S is empty. Excluding from written file.
WARNING! TEXT segment value for key $P53S is empty. Excluding from written file.
WARNING! TEXT segment value for key $P54S is empty. Excluding from written file.
WARNING! TEXT segment value for key $P57S is empty. Excluding from written file.
WARNING! TEXT segment value for key $P58S is empty. Excluding from written file.
WARNING! TEXT segment value for key $P59S is empty. Excluding from written file.
WARNING! TEXT segment value for key $P60S is empty. Excluding from written file.
WARNING! TEXT segment value for key $P61S is empty. Excluding from written file.
WARNING! TEXT segment value for key $P62S is empty. Excluding from written file.
WARNING! TEXT segment value for key $P63S is empty. Excluding from written file.
Saving Infinity Flow object as h5ad file...
Saving Infinity Flow object as feather file...
Done.
Base InfinityFlow Pipeline took 1753.63 seconds for input dataset.


PS:

Read file </data/salomonis2/LabFiles/Kyle/Development/pyInfinityFlow/test_scripts/grimes_lab_infinity_flow/pe_2022_05_20/logs/150101.err> for stderr output of this job.

