Sender: LSF System <srv-lsf@bmi-200m5-05>
Subject: Job 150820: <#BSUB -L /bin/bash;#BSUB -W 24:00;#BSUB -n 12;#BSUB -R "span[ptile=4]";#BSUB -M 80000;#BSUB -e /data/salomonis2/LabFiles/Kyle/Development/pyInfinityFlow/test_scripts/grimes_lab_infinity_flow/fix_cd115_2022_06_28/logs/%J.err;#BSUB -o /data/salomonis2/LabFiles/Kyle/Development/pyInfinityFlow/test_scripts/grimes_lab_infinity_flow/fix_cd115_2022_06_28/logs/%J.out; cd /data/salomonis2/LabFiles/Kyle/Development/pyInfinityFlow/test_scripts/grimes_lab_infinity_flow/fix_cd115_2022_06_28; # module load anaconda3;# conda activate /data/salomonis2/LabFiles/Kyle/Env/pyInfinityFlow_dev;  pyInfinityFlow --data_dir /data/salomonis2/LabFiles/Kyle/Analysis/2022_07_01_Infinity_Flow_Update/input/gated_live_fcs_input/2022_06_28_Fix_CD115/ --out_dir /data/salomonis2/LabFiles/Kyle/Analysis/2022_10_26_pyInfinityFlow_grimes_data/outputs/pyInfinityFlow_outputs/fix_cd115_2022_06_28/ --backbone_annotation /data/salomonis2/LabFiles/Kyle/Analysis/2022_07_01_Infinity_Flow_Update/input/pyInfinityFlow_annotations/2022_06_28_fix_cd115_backbone_anno.csv --infinity_marker_annotation /data/salomonis2/LabFiles/Kyle/Analysis/2022_07_01_Infinity_Flow_Update/input/pyInfinityFlow_annotations/2022_06_28_fix_cd115_infinity_marker_anno.csv --random_state 7 --use_logicle_scaling True --normalization_method None --n_events_train 0 --n_events_validate 0 --ratio_for_validation 0.2 --separate_backbone_reference /data/salomonis2/LabFiles/Kyle/Analysis/2022_07_01_Infinity_Flow_Update/input/gated_live_fcs_input/2022_06_28_PE/export_KF_Infinity_Flow_Add_PEs-Infinity_Markers_PE-CD131_Unmixed_Live.fcs --add_umap False --find_clusters False --find_markers False --make_feature_plots False --use_pca True --n_pc 15 --n_pc_plot_qc 50 --save_h5ad True --save_feather True --save_file_handler True --save_regression_models True --verbosity 3 --n_cores 12> in cluster <BMICluster> Done

Job <#BSUB -L /bin/bash;#BSUB -W 24:00;#BSUB -n 12;#BSUB -R "span[ptile=4]";#BSUB -M 80000;#BSUB -e /data/salomonis2/LabFiles/Kyle/Development/pyInfinityFlow/test_scripts/grimes_lab_infinity_flow/fix_cd115_2022_06_28/logs/%J.err;#BSUB -o /data/salomonis2/LabFiles/Kyle/Development/pyInfinityFlow/test_scripts/grimes_lab_infinity_flow/fix_cd115_2022_06_28/logs/%J.out; cd /data/salomonis2/LabFiles/Kyle/Development/pyInfinityFlow/test_scripts/grimes_lab_infinity_flow/fix_cd115_2022_06_28; # module load anaconda3;# conda activate /data/salomonis2/LabFiles/Kyle/Env/pyInfinityFlow_dev;  pyInfinityFlow --data_dir /data/salomonis2/LabFiles/Kyle/Analysis/2022_07_01_Infinity_Flow_Update/input/gated_live_fcs_input/2022_06_28_Fix_CD115/ --out_dir /data/salomonis2/LabFiles/Kyle/Analysis/2022_10_26_pyInfinityFlow_grimes_data/outputs/pyInfinityFlow_outputs/fix_cd115_2022_06_28/ --backbone_annotation /data/salomonis2/LabFiles/Kyle/Analysis/2022_07_01_Infinity_Flow_Update/input/pyInfinityFlow_annotations/2022_06_28_fix_cd115_backbone_anno.csv --infinity_marker_annotation /data/salomonis2/LabFiles/Kyle/Analysis/2022_07_01_Infinity_Flow_Update/input/pyInfinityFlow_annotations/2022_06_28_fix_cd115_infinity_marker_anno.csv --random_state 7 --use_logicle_scaling True --normalization_method None --n_events_train 0 --n_events_validate 0 --ratio_for_validation 0.2 --separate_backbone_reference /data/salomonis2/LabFiles/Kyle/Analysis/2022_07_01_Infinity_Flow_Update/input/gated_live_fcs_input/2022_06_28_PE/export_KF_Infinity_Flow_Add_PEs-Infinity_Markers_PE-CD131_Unmixed_Live.fcs --add_umap False --find_clusters False --find_markers False --make_feature_plots False --use_pca True --n_pc 15 --n_pc_plot_qc 50 --save_h5ad True --save_feather True --save_file_handler True --save_regression_models True --verbosity 3 --n_cores 12> was submitted from host <bmi-460g9-23> by user <fero3l> in cluster <BMICluster> at Thu Oct 27 00:57:07 2022
Job was executed on host(s) <4*bmi-200m5-05>, in queue <normal>, as user <fero3l> in cluster <BMICluster> at Thu Oct 27 00:57:07 2022
                            <4*bmi-460g8-35>
                            <4*bmi-460g8-40>
</tmp/.lsbtmp41736> was used as the home directory.
</data/salomonis2/LabFiles/Kyle/Development/pyInfinityFlow/test_scripts/grimes_lab_infinity_flow/fix_cd115_2022_06_28> was used as the working directory.
Started at Thu Oct 27 00:57:07 2022
Terminated at Thu Oct 27 01:00:12 2022
Results reported at Thu Oct 27 01:00:12 2022

Your job looked like:

------------------------------------------------------------
# LSBATCH: User input
#BSUB -L /bin/bash
#BSUB -W 24:00
#BSUB -n 12
#BSUB -R "span[ptile=4]"
#BSUB -M 80000
#BSUB -e /data/salomonis2/LabFiles/Kyle/Development/pyInfinityFlow/test_scripts/grimes_lab_infinity_flow/fix_cd115_2022_06_28/logs/%J.err
#BSUB -o /data/salomonis2/LabFiles/Kyle/Development/pyInfinityFlow/test_scripts/grimes_lab_infinity_flow/fix_cd115_2022_06_28/logs/%J.out

cd /data/salomonis2/LabFiles/Kyle/Development/pyInfinityFlow/test_scripts/grimes_lab_infinity_flow/fix_cd115_2022_06_28

# module load anaconda3
# conda activate /data/salomonis2/LabFiles/Kyle/Env/pyInfinityFlow_dev


pyInfinityFlow --data_dir /data/salomonis2/LabFiles/Kyle/Analysis/2022_07_01_Infinity_Flow_Update/input/gated_live_fcs_input/2022_06_28_Fix_CD115/ --out_dir /data/salomonis2/LabFiles/Kyle/Analysis/2022_10_26_pyInfinityFlow_grimes_data/outputs/pyInfinityFlow_outputs/fix_cd115_2022_06_28/ --backbone_annotation /data/salomonis2/LabFiles/Kyle/Analysis/2022_07_01_Infinity_Flow_Update/input/pyInfinityFlow_annotations/2022_06_28_fix_cd115_backbone_anno.csv --infinity_marker_annotation /data/salomonis2/LabFiles/Kyle/Analysis/2022_07_01_Infinity_Flow_Update/input/pyInfinityFlow_annotations/2022_06_28_fix_cd115_infinity_marker_anno.csv --random_state 7 --use_logicle_scaling True --normalization_method None --n_events_train 0 --n_events_validate 0 --ratio_for_validation 0.2 --separate_backbone_reference /data/salomonis2/LabFiles/Kyle/Analysis/2022_07_01_Infinity_Flow_Update/input/gated_live_fcs_input/2022_06_28_PE/export_KF_Infinity_Flow_Add_PEs-Infinity_Markers_PE-CD131_Unmixed_Live.fcs --add_umap False --find_clusters False --find_markers False --make_feature_plots False --use_pca True --n_pc 15 --n_pc_plot_qc 50 --save_h5ad True --save_feather True --save_file_handler True --save_regression_models True --verbosity 3 --n_cores 12



------------------------------------------------------------

Successfully completed.

Resource usage summary:

    CPU time :                                   355.00 sec.
    Max Memory :                                 7879 MB
    Average Memory :                             2356.64 MB
    Total Requested Memory :                     240000.00 MB
    Delta Memory :                               232121.00 MB
    Max Swap :                                   -
    Max Processes :                              5
    Max Threads :                                64
    Run time :                                   182 sec.
    Turnaround time :                            185 sec.

The output (if any) follows:



Running InfinityFlow from single directory, with all input .fcs files using the same channels for backbone...
	Input directory: /data/salomonis2/LabFiles/Kyle/Analysis/2022_07_01_Infinity_Flow_Update/input/gated_live_fcs_input/2022_06_28_Fix_CD115/

DEBUG: add_umap value: False
DEBUG: find_clusters value: False
DEBUG: find_markers value: False
DEBUG: make_feature_plots value: False
DEBUG: VERBOSITY value: 3
Isotype controls will not be used...
DEBUG: Checking separate backbone reference fcs file for necessary backbone channels...
DEBUG: Streaming through .fcs files to specify events for training, validation, and prediction...
DEBUG: Input file export_KF_Infinity_Flow_Add_CD115_BV711-Sample-CD115_BV711_Unmixed_Live.fcs was found to have 399112 events
DEBUG: 	319290 events will be used for training...
DEBUG: 	79822 events will be used for validation...



Reading in data from .fcs files for model training...
DEBUG: 		Reading in the data for InfinityMarker CD115...
Applying Logicle normalization to data...
	Building regression model for CD115...
DEBUG: Setting n_jobs to 12 and random_state to 7
DEBUG: 		XGBoost regression model trained in 15.27 seconds.

Reading in data from .fcs files for model validation...
DEBUG: 		Reading in the data for InfinityMarker CD115...
Applying Logicle normalization to data...
Obtaining validation metrics for regression models...
		Working on CD115...
Reading in data from separate_backbone_reference .fcs file for final Infinity Flow object...
Applying Logicle normalization to data...
Making predictions for final InfinityFlow object...
		Working on CD115...
DEBUG: add_umap value: False
DEBUG: find_clusters value: False
DEBUG: find_markers value: False
DEBUG: make_feature_plots value: False
Writing out base prediction values to fcs file...
Omitting spillover matrix...
WARNING! TEXT segment value for key $P23S is empty. Excluding from written file.
WARNING! TEXT segment value for key $P24S is empty. Excluding from written file.
WARNING! TEXT segment value for key $P25S is empty. Excluding from written file.
WARNING! TEXT segment value for key $P26S is empty. Excluding from written file.
WARNING! TEXT segment value for key $P29S is empty. Excluding from written file.
WARNING! TEXT segment value for key $P30S is empty. Excluding from written file.
WARNING! TEXT segment value for key $P31S is empty. Excluding from written file.
WARNING! TEXT segment value for key $P32S is empty. Excluding from written file.
WARNING! TEXT segment value for key $P33S is empty. Excluding from written file.
WARNING! TEXT segment value for key $P34S is empty. Excluding from written file.
WARNING! TEXT segment value for key $P35S is empty. Excluding from written file.
WARNING! TEXT segment value for key $P23S is empty. Excluding from written file.
WARNING! TEXT segment value for key $P24S is empty. Excluding from written file.
WARNING! TEXT segment value for key $P25S is empty. Excluding from written file.
WARNING! TEXT segment value for key $P26S is empty. Excluding from written file.
WARNING! TEXT segment value for key $P29S is empty. Excluding from written file.
WARNING! TEXT segment value for key $P30S is empty. Excluding from written file.
WARNING! TEXT segment value for key $P31S is empty. Excluding from written file.
WARNING! TEXT segment value for key $P32S is empty. Excluding from written file.
WARNING! TEXT segment value for key $P33S is empty. Excluding from written file.
WARNING! TEXT segment value for key $P34S is empty. Excluding from written file.
WARNING! TEXT segment value for key $P35S is empty. Excluding from written file.
Saving Infinity Flow object as h5ad file...
Saving Infinity Flow object as feather file...
Done.
Base InfinityFlow Pipeline took 119.76 seconds for input dataset.


PS:

Read file </data/salomonis2/LabFiles/Kyle/Development/pyInfinityFlow/test_scripts/grimes_lab_infinity_flow/fix_cd115_2022_06_28/logs/150820.err> for stderr output of this job.

