Sender: LSF System <srv-lsf@bmi-460g9-13>
Subject: Job 150830: <#BSUB -L /bin/bash;#BSUB -W 24:00;#BSUB -n 12;#BSUB -R "span[ptile=4]";#BSUB -M 80000;#BSUB -e /data/salomonis2/LabFiles/Kyle/Development/pyInfinityFlow/test_scripts/grimes_lab_infinity_flow/reporters_2021_12_13/logs/%J.err;#BSUB -o /data/salomonis2/LabFiles/Kyle/Development/pyInfinityFlow/test_scripts/grimes_lab_infinity_flow/reporters_2021_12_13/logs/%J.out; cd /data/salomonis2/LabFiles/Kyle/Development/pyInfinityFlow/test_scripts/grimes_lab_infinity_flow/reporters_2021_12_13; # module load anaconda3;# conda activate /data/salomonis2/LabFiles/Kyle/Env/pyInfinityFlow_dev;  pyInfinityFlow --data_dir /data/salomonis2/LabFiles/Kyle/Analysis/2022_07_01_Infinity_Flow_Update/input/gated_live_fcs_input/2021_12_13_Reporters/ --out_dir /data/salomonis2/LabFiles/Kyle/Analysis/2022_10_26_pyInfinityFlow_grimes_data/outputs/pyInfinityFlow_outputs/reporters_2021_12_13/ --backbone_annotation /data/salomonis2/LabFiles/Kyle/Analysis/2022_07_01_Infinity_Flow_Update/input/pyInfinityFlow_annotations/2021_12_13_Reporter_backbone_anno.csv --infinity_marker_annotation /data/salomonis2/LabFiles/Kyle/Analysis/2022_07_01_Infinity_Flow_Update/input/pyInfinityFlow_annotations/2021_12_13_reporters_infinity_marker_anno.csv --random_state 7 --use_logicle_scaling True --normalization_method None --n_events_train 0 --n_events_validate 0 --ratio_for_validation 0.2 --separate_backbone_reference /data/salomonis2/LabFiles/Kyle/Analysis/2022_07_01_Infinity_Flow_Update/input/gated_live_fcs_input/2022_06_28_PE/export_KF_Infinity_Flow_Add_PEs-Infinity_Markers_PE-CD131_Unmixed_Live.fcs --add_umap False --find_clusters False --find_markers False --make_feature_plots False --use_pca True --n_pc 15 --n_pc_plot_qc 50 --save_h5ad True --save_feather True --save_file_handler True --save_regression_models True --verbosity 3 --n_cores 12> in cluster <BMICluster> Done

Job <#BSUB -L /bin/bash;#BSUB -W 24:00;#BSUB -n 12;#BSUB -R "span[ptile=4]";#BSUB -M 80000;#BSUB -e /data/salomonis2/LabFiles/Kyle/Development/pyInfinityFlow/test_scripts/grimes_lab_infinity_flow/reporters_2021_12_13/logs/%J.err;#BSUB -o /data/salomonis2/LabFiles/Kyle/Development/pyInfinityFlow/test_scripts/grimes_lab_infinity_flow/reporters_2021_12_13/logs/%J.out; cd /data/salomonis2/LabFiles/Kyle/Development/pyInfinityFlow/test_scripts/grimes_lab_infinity_flow/reporters_2021_12_13; # module load anaconda3;# conda activate /data/salomonis2/LabFiles/Kyle/Env/pyInfinityFlow_dev;  pyInfinityFlow --data_dir /data/salomonis2/LabFiles/Kyle/Analysis/2022_07_01_Infinity_Flow_Update/input/gated_live_fcs_input/2021_12_13_Reporters/ --out_dir /data/salomonis2/LabFiles/Kyle/Analysis/2022_10_26_pyInfinityFlow_grimes_data/outputs/pyInfinityFlow_outputs/reporters_2021_12_13/ --backbone_annotation /data/salomonis2/LabFiles/Kyle/Analysis/2022_07_01_Infinity_Flow_Update/input/pyInfinityFlow_annotations/2021_12_13_Reporter_backbone_anno.csv --infinity_marker_annotation /data/salomonis2/LabFiles/Kyle/Analysis/2022_07_01_Infinity_Flow_Update/input/pyInfinityFlow_annotations/2021_12_13_reporters_infinity_marker_anno.csv --random_state 7 --use_logicle_scaling True --normalization_method None --n_events_train 0 --n_events_validate 0 --ratio_for_validation 0.2 --separate_backbone_reference /data/salomonis2/LabFiles/Kyle/Analysis/2022_07_01_Infinity_Flow_Update/input/gated_live_fcs_input/2022_06_28_PE/export_KF_Infinity_Flow_Add_PEs-Infinity_Markers_PE-CD131_Unmixed_Live.fcs --add_umap False --find_clusters False --find_markers False --make_feature_plots False --use_pca True --n_pc 15 --n_pc_plot_qc 50 --save_h5ad True --save_feather True --save_file_handler True --save_regression_models True --verbosity 3 --n_cores 12> was submitted from host <bmi-460g9-23> by user <fero3l> in cluster <BMICluster> at Thu Oct 27 00:57:42 2022
Job was executed on host(s) <4*bmi-460g9-13>, in queue <normal>, as user <fero3l> in cluster <BMICluster> at Thu Oct 27 00:57:42 2022
                            <4*bmi-460g8-46>
                            <4*bmi-460g9-21>
</tmp/.lsbtmp41736> was used as the home directory.
</data/salomonis2/LabFiles/Kyle/Development/pyInfinityFlow/test_scripts/grimes_lab_infinity_flow/reporters_2021_12_13> was used as the working directory.
Started at Thu Oct 27 00:57:42 2022
Terminated at Thu Oct 27 01:09:27 2022
Results reported at Thu Oct 27 01:09:27 2022

Your job looked like:

------------------------------------------------------------
# LSBATCH: User input
#BSUB -L /bin/bash
#BSUB -W 24:00
#BSUB -n 12
#BSUB -R "span[ptile=4]"
#BSUB -M 80000
#BSUB -e /data/salomonis2/LabFiles/Kyle/Development/pyInfinityFlow/test_scripts/grimes_lab_infinity_flow/reporters_2021_12_13/logs/%J.err
#BSUB -o /data/salomonis2/LabFiles/Kyle/Development/pyInfinityFlow/test_scripts/grimes_lab_infinity_flow/reporters_2021_12_13/logs/%J.out

cd /data/salomonis2/LabFiles/Kyle/Development/pyInfinityFlow/test_scripts/grimes_lab_infinity_flow/reporters_2021_12_13

# module load anaconda3
# conda activate /data/salomonis2/LabFiles/Kyle/Env/pyInfinityFlow_dev


pyInfinityFlow --data_dir /data/salomonis2/LabFiles/Kyle/Analysis/2022_07_01_Infinity_Flow_Update/input/gated_live_fcs_input/2021_12_13_Reporters/ --out_dir /data/salomonis2/LabFiles/Kyle/Analysis/2022_10_26_pyInfinityFlow_grimes_data/outputs/pyInfinityFlow_outputs/reporters_2021_12_13/ --backbone_annotation /data/salomonis2/LabFiles/Kyle/Analysis/2022_07_01_Infinity_Flow_Update/input/pyInfinityFlow_annotations/2021_12_13_Reporter_backbone_anno.csv --infinity_marker_annotation /data/salomonis2/LabFiles/Kyle/Analysis/2022_07_01_Infinity_Flow_Update/input/pyInfinityFlow_annotations/2021_12_13_reporters_infinity_marker_anno.csv --random_state 7 --use_logicle_scaling True --normalization_method None --n_events_train 0 --n_events_validate 0 --ratio_for_validation 0.2 --separate_backbone_reference /data/salomonis2/LabFiles/Kyle/Analysis/2022_07_01_Infinity_Flow_Update/input/gated_live_fcs_input/2022_06_28_PE/export_KF_Infinity_Flow_Add_PEs-Infinity_Markers_PE-CD131_Unmixed_Live.fcs --add_umap False --find_clusters False --find_markers False --make_feature_plots False --use_pca True --n_pc 15 --n_pc_plot_qc 50 --save_h5ad True --save_feather True --save_file_handler True --save_regression_models True --verbosity 3 --n_cores 12



------------------------------------------------------------

Successfully completed.

Resource usage summary:

    CPU time :                                   4116.94 sec.
    Max Memory :                                 11210 MB
    Average Memory :                             5700.62 MB
    Total Requested Memory :                     240000.00 MB
    Delta Memory :                               228790.00 MB
    Max Swap :                                   -
    Max Processes :                              5
    Max Threads :                                67
    Run time :                                   703 sec.
    Turnaround time :                            705 sec.

The output (if any) follows:



Running InfinityFlow from single directory, with all input .fcs files using the same channels for backbone...
	Input directory: /data/salomonis2/LabFiles/Kyle/Analysis/2022_07_01_Infinity_Flow_Update/input/gated_live_fcs_input/2021_12_13_Reporters/

DEBUG: add_umap value: False
DEBUG: find_clusters value: False
DEBUG: find_markers value: False
DEBUG: make_feature_plots value: False
DEBUG: VERBOSITY value: 3
Isotype controls will not be used...
DEBUG: Checking separate backbone reference fcs file for necessary backbone channels...
DEBUG: Streaming through .fcs files to specify events for training, validation, and prediction...
DEBUG: Input file export_Infinity Flow OSU Reporters 2021_12-Infinity_Reporters-Gata1_Unmixed_Live.fcs was found to have 646662 events
DEBUG: 	517330 events will be used for training...
DEBUG: 	129332 events will be used for validation...
DEBUG: Input file export_Infinity Flow OSU Reporters 2021_12-Infinity_Reporters-Bhlhe40_Unmixed_Live.fcs was found to have 704682 events
DEBUG: 	563746 events will be used for training...
DEBUG: 	140936 events will be used for validation...
DEBUG: Input file export_Infinity Flow OSU Reporters 2021_12-Infinity_Reporters-Fucci_Unmixed_Live.fcs was found to have 718628 events
DEBUG: 	574903 events will be used for training...
DEBUG: 	143725 events will be used for validation...
DEBUG: Input file export_Infinity Flow OSU Reporters 2021_12-Infinity_Reporters-Fucci_Unmixed_Live.fcs was found to have 718628 events
DEBUG: 	574903 events will be used for training...
DEBUG: 	143725 events will be used for validation...
DEBUG: Input file export_Infinity Flow OSU Reporters 2021_12-Infinity_Reporters-Gata2_Unmixed_Live.fcs was found to have 719926 events
DEBUG: 	575941 events will be used for training...
DEBUG: 	143985 events will be used for validation...
DEBUG: Input file export_Infinity Flow OSU Reporters 2021_12-Infinity_Reporters-Gfi1_Unmixed_Live.fcs was found to have 534258 events
DEBUG: 	427407 events will be used for training...
DEBUG: 	106851 events will be used for validation...
DEBUG: Input file export_Infinity Flow OSU Reporters 2021_12-Infinity_Reporters-Gfi1_Csf1r_Unmixed_Live.fcs was found to have 542442 events
DEBUG: 	433954 events will be used for training...
DEBUG: 	108488 events will be used for validation...
DEBUG: Input file export_Infinity Flow OSU Reporters 2021_12-Infinity_Reporters-Tox_Unmixed_Live.fcs was found to have 684189 events
DEBUG: 	547352 events will be used for training...
DEBUG: 	136837 events will be used for validation...
DEBUG: Input file export_Infinity Flow OSU Reporters 2021_12-Infinity_Reporters-Mki67_Unmixed_Live.fcs was found to have 335554 events
DEBUG: 	268444 events will be used for training...
DEBUG: 	67110 events will be used for validation...
DEBUG: Input file export_Infinity Flow OSU Reporters 2021_12-Infinity_Reporters-Myc_Unmixed_Live.fcs was found to have 722958 events
DEBUG: 	578367 events will be used for training...
DEBUG: 	144591 events will be used for validation...
DEBUG: Input file export_Infinity Flow OSU Reporters 2021_12-Infinity_Reporters-Ncr1_Unmixed_Live.fcs was found to have 708387 events
DEBUG: 	566710 events will be used for training...
DEBUG: 	141677 events will be used for validation...
DEBUG: Input file export_Infinity Flow OSU Reporters 2021_12-Infinity_Reporters-Pu1_Unmixed_Live.fcs was found to have 655260 events
DEBUG: 	524208 events will be used for training...
DEBUG: 	131052 events will be used for validation...



Reading in data from .fcs files for model training...
DEBUG: 		Reading in the data for InfinityMarker Gata1-mCherry...
DEBUG: 		Reading in the data for InfinityMarker Bhlhe40-GFP...
DEBUG: 		Reading in the data for InfinityMarker Fucci-hGem-Venus...
DEBUG: 		Reading in the data for InfinityMarker Fucci-hCdt1-mCherry...
DEBUG: 		Reading in the data for InfinityMarker Gata2-Venus...
DEBUG: 		Reading in the data for InfinityMarker Gfi1-tdTomato...
DEBUG: 		Reading in the data for InfinityMarker Csf1r-GFP...
DEBUG: 		Reading in the data for InfinityMarker Tox-tdTomato...
DEBUG: 		Reading in the data for InfinityMarker Mki67-RFP...
DEBUG: 		Reading in the data for InfinityMarker Myc-GFP...
DEBUG: 		Reading in the data for InfinityMarker Ncr1-GFP...
DEBUG: 		Reading in the data for InfinityMarker Pu.1-YFP...
Applying Logicle normalization to data...
	Building regression model for Gata1-mCherry...
DEBUG: Setting n_jobs to 12 and random_state to 7
DEBUG: 		XGBoost regression model trained in 42.14 seconds.

	Building regression model for Bhlhe40-GFP...
DEBUG: Setting n_jobs to 12 and random_state to 7
DEBUG: 		XGBoost regression model trained in 31.53 seconds.

	Building regression model for Fucci-hGem-Venus...
DEBUG: Setting n_jobs to 12 and random_state to 7
DEBUG: 		XGBoost regression model trained in 35.63 seconds.

	Building regression model for Fucci-hCdt1-mCherry...
DEBUG: Setting n_jobs to 12 and random_state to 7
DEBUG: 		XGBoost regression model trained in 33.37 seconds.

	Building regression model for Gata2-Venus...
DEBUG: Setting n_jobs to 12 and random_state to 7
DEBUG: 		XGBoost regression model trained in 31.70 seconds.

	Building regression model for Gfi1-tdTomato...
DEBUG: Setting n_jobs to 12 and random_state to 7
DEBUG: 		XGBoost regression model trained in 24.02 seconds.

	Building regression model for Csf1r-GFP...
DEBUG: Setting n_jobs to 12 and random_state to 7
DEBUG: 		XGBoost regression model trained in 24.70 seconds.

	Building regression model for Tox-tdTomato...
DEBUG: Setting n_jobs to 12 and random_state to 7
DEBUG: 		XGBoost regression model trained in 30.66 seconds.

	Building regression model for Mki67-RFP...
DEBUG: Setting n_jobs to 12 and random_state to 7
DEBUG: 		XGBoost regression model trained in 15.51 seconds.

	Building regression model for Myc-GFP...
DEBUG: Setting n_jobs to 12 and random_state to 7
DEBUG: 		XGBoost regression model trained in 33.35 seconds.

	Building regression model for Ncr1-GFP...
DEBUG: Setting n_jobs to 12 and random_state to 7
DEBUG: 		XGBoost regression model trained in 31.64 seconds.

	Building regression model for Pu.1-YFP...
DEBUG: Setting n_jobs to 12 and random_state to 7
DEBUG: 		XGBoost regression model trained in 30.08 seconds.

Reading in data from .fcs files for model validation...
DEBUG: 		Reading in the data for InfinityMarker Gata1-mCherry...
DEBUG: 		Reading in the data for InfinityMarker Bhlhe40-GFP...
DEBUG: 		Reading in the data for InfinityMarker Fucci-hGem-Venus...
DEBUG: 		Reading in the data for InfinityMarker Fucci-hCdt1-mCherry...
DEBUG: 		Reading in the data for InfinityMarker Gata2-Venus...
DEBUG: 		Reading in the data for InfinityMarker Gfi1-tdTomato...
DEBUG: 		Reading in the data for InfinityMarker Csf1r-GFP...
DEBUG: 		Reading in the data for InfinityMarker Tox-tdTomato...
DEBUG: 		Reading in the data for InfinityMarker Mki67-RFP...
DEBUG: 		Reading in the data for InfinityMarker Myc-GFP...
DEBUG: 		Reading in the data for InfinityMarker Ncr1-GFP...
DEBUG: 		Reading in the data for InfinityMarker Pu.1-YFP...
Applying Logicle normalization to data...
Obtaining validation metrics for regression models...
		Working on Gata1-mCherry...
		Working on Bhlhe40-GFP...
		Working on Fucci-hGem-Venus...
		Working on Fucci-hCdt1-mCherry...
		Working on Gata2-Venus...
		Working on Gfi1-tdTomato...
		Working on Csf1r-GFP...
		Working on Tox-tdTomato...
		Working on Mki67-RFP...
		Working on Myc-GFP...
		Working on Ncr1-GFP...
		Working on Pu.1-YFP...
Reading in data from separate_backbone_reference .fcs file for final Infinity Flow object...
Applying Logicle normalization to data...
Making predictions for final InfinityFlow object...
		Working on Gata1-mCherry...
		Working on Bhlhe40-GFP...
		Working on Fucci-hGem-Venus...
		Working on Fucci-hCdt1-mCherry...
		Working on Gata2-Venus...
		Working on Gfi1-tdTomato...
		Working on Csf1r-GFP...
		Working on Tox-tdTomato...
		Working on Mki67-RFP...
		Working on Myc-GFP...
		Working on Ncr1-GFP...
		Working on Pu.1-YFP...
DEBUG: add_umap value: False
DEBUG: find_clusters value: False
DEBUG: find_markers value: False
DEBUG: make_feature_plots value: False
Writing out base prediction values to fcs file...
Omitting spillover matrix...
WARNING! TEXT segment value for key $P33S is empty. Excluding from written file.
WARNING! TEXT segment value for key $P34S is empty. Excluding from written file.
WARNING! TEXT segment value for key $P35S is empty. Excluding from written file.
WARNING! TEXT segment value for key $P36S is empty. Excluding from written file.
WARNING! TEXT segment value for key $P40S is empty. Excluding from written file.
WARNING! TEXT segment value for key $P41S is empty. Excluding from written file.
WARNING! TEXT segment value for key $P42S is empty. Excluding from written file.
WARNING! TEXT segment value for key $P43S is empty. Excluding from written file.
WARNING! TEXT segment value for key $P44S is empty. Excluding from written file.
WARNING! TEXT segment value for key $P45S is empty. Excluding from written file.
WARNING! TEXT segment value for key $P46S is empty. Excluding from written file.
WARNING! TEXT segment value for key $P33S is empty. Excluding from written file.
WARNING! TEXT segment value for key $P34S is empty. Excluding from written file.
WARNING! TEXT segment value for key $P35S is empty. Excluding from written file.
WARNING! TEXT segment value for key $P36S is empty. Excluding from written file.
WARNING! TEXT segment value for key $P40S is empty. Excluding from written file.
WARNING! TEXT segment value for key $P41S is empty. Excluding from written file.
WARNING! TEXT segment value for key $P42S is empty. Excluding from written file.
WARNING! TEXT segment value for key $P43S is empty. Excluding from written file.
WARNING! TEXT segment value for key $P44S is empty. Excluding from written file.
WARNING! TEXT segment value for key $P45S is empty. Excluding from written file.
WARNING! TEXT segment value for key $P46S is empty. Excluding from written file.
Saving Infinity Flow object as h5ad file...
Saving Infinity Flow object as feather file...
Done.
Base InfinityFlow Pipeline took 675.46 seconds for input dataset.


PS:

Read file </data/salomonis2/LabFiles/Kyle/Development/pyInfinityFlow/test_scripts/grimes_lab_infinity_flow/reporters_2021_12_13/logs/150830.err> for stderr output of this job.

